s:\c++ projects\mfctetris\mfctetris\x64\debug\vc142.pdb
s:\c++ projects\mfctetris\mfctetris\x64\debug\vc142.idb
s:\c++ projects\mfctetris\mfctetris\x64\debug\mfctetrisdlg.obj
s:\c++ projects\mfctetris\mfctetris\x64\debug\sqlite3.obj
s:\c++ projects\mfctetris\mfctetris\x64\debug\game.obj
s:\c++ projects\mfctetris\mfctetris\x64\debug\mfctetris.pch
s:\c++ projects\mfctetris\mfctetris\x64\debug\form.obj
s:\c++ projects\mfctetris\mfctetris\x64\debug\pch.obj
s:\c++ projects\mfctetris\mfctetris\x64\debug\mfctetris.obj
s:\c++ projects\mfctetris\mfctetris\x64\debug\ctabresultsdlg.obj
s:\c++ projects\mfctetris\mfctetris\x64\debug\ctabgamedlg.obj
s:\c++ projects\mfctetris\mfctetris\x64\debug\mfctetris.res
s:\c++ projects\mfctetris\x64\debug\mfctetris.pdb
s:\c++ projects\mfctetris\mfctetris\x64\debug\mfctetris.tlog\cl.command.1.tlog
s:\c++ projects\mfctetris\mfctetris\x64\debug\mfctetris.tlog\cl.read.1.tlog
s:\c++ projects\mfctetris\mfctetris\x64\debug\mfctetris.tlog\cl.write.1.tlog
s:\c++ projects\mfctetris\mfctetris\x64\debug\mfctetris.tlog\link-cvtres.read.1.tlog
s:\c++ projects\mfctetris\mfctetris\x64\debug\mfctetris.tlog\link-cvtres.write.1.tlog
s:\c++ projects\mfctetris\mfctetris\x64\debug\mfctetris.tlog\link-mt.read.1.tlog
s:\c++ projects\mfctetris\mfctetris\x64\debug\mfctetris.tlog\link-mt.write.1.tlog
s:\c++ projects\mfctetris\mfctetris\x64\debug\mfctetris.tlog\link-rc.read.1.tlog
s:\c++ projects\mfctetris\mfctetris\x64\debug\mfctetris.tlog\link-rc.write.1.tlog
s:\c++ projects\mfctetris\mfctetris\x64\debug\mfctetris.tlog\link.15936-cvtres.read.1.tlog
s:\c++ projects\mfctetris\mfctetris\x64\debug\mfctetris.tlog\link.15936-cvtres.write.1.tlog
s:\c++ projects\mfctetris\mfctetris\x64\debug\mfctetris.tlog\link.15936-mt.read.1.tlog
s:\c++ projects\mfctetris\mfctetris\x64\debug\mfctetris.tlog\link.15936-mt.write.1.tlog
s:\c++ projects\mfctetris\mfctetris\x64\debug\mfctetris.tlog\link.15936-rc.read.1.tlog
s:\c++ projects\mfctetris\mfctetris\x64\debug\mfctetris.tlog\link.15936-rc.write.1.tlog
s:\c++ projects\mfctetris\mfctetris\x64\debug\mfctetris.tlog\link.15936.read.1.tlog
s:\c++ projects\mfctetris\mfctetris\x64\debug\mfctetris.tlog\link.15936.write.1.tlog
s:\c++ projects\mfctetris\mfctetris\x64\debug\mfctetris.tlog\link.command.1.tlog
s:\c++ projects\mfctetris\mfctetris\x64\debug\mfctetris.tlog\link.read.1.tlog
s:\c++ projects\mfctetris\mfctetris\x64\debug\mfctetris.tlog\link.write.1.tlog
s:\c++ projects\mfctetris\mfctetris\x64\debug\mfctetris.tlog\rc.command.1.tlog
s:\c++ projects\mfctetris\mfctetris\x64\debug\mfctetris.tlog\rc.read.1.tlog
s:\c++ projects\mfctetris\mfctetris\x64\debug\mfctetris.tlog\rc.write.1.tlog
